{"C:\\Users\\Teixeira\\Documents\\Testes\\webApi\\model\\models.js": {"path":"C:\\Users\\Teixeira\\Documents\\Testes\\webApi\\model\\models.js","statementMap":{"0":{"start":{"line":1,"column":14},"end":{"line":1,"column":38}},"1":{"start":{"line":2,"column":21},"end":{"line":2,"column":54}},"2":{"start":{"line":7,"column":30},"end":{"line":7,"column":32}},"3":{"start":{"line":8,"column":22},"end":{"line":8,"column":37}},"4":{"start":{"line":9,"column":8},"end":{"line":15,"column":9}},"5":{"start":{"line":10,"column":31},"end":{"line":10,"column":78}},"6":{"start":{"line":11,"column":12},"end":{"line":13,"column":13}},"7":{"start":{"line":12,"column":16},"end":{"line":12,"column":43}},"8":{"start":{"line":14,"column":12},"end":{"line":14,"column":24}},"9":{"start":{"line":16,"column":8},"end":{"line":20,"column":9}},"10":{"start":{"line":17,"column":12},"end":{"line":17,"column":80}},"11":{"start":{"line":19,"column":12},"end":{"line":19,"column":68}},"12":{"start":{"line":27,"column":24},"end":{"line":27,"column":47}},"13":{"start":{"line":28,"column":48},"end":{"line":28,"column":49}},"14":{"start":{"line":29,"column":8},"end":{"line":62,"column":9}},"15":{"start":{"line":30,"column":12},"end":{"line":30,"column":89}},"16":{"start":{"line":32,"column":13},"end":{"line":62,"column":9}},"17":{"start":{"line":34,"column":12},"end":{"line":42,"column":13}},"18":{"start":{"line":35,"column":16},"end":{"line":35,"column":51}},"19":{"start":{"line":36,"column":16},"end":{"line":36,"column":43}},"20":{"start":{"line":37,"column":16},"end":{"line":37,"column":145}},"21":{"start":{"line":40,"column":16},"end":{"line":40,"column":51}},"22":{"start":{"line":41,"column":16},"end":{"line":41,"column":123}},"23":{"start":{"line":45,"column":13},"end":{"line":62,"column":9}},"24":{"start":{"line":46,"column":12},"end":{"line":46,"column":41}},"25":{"start":{"line":48,"column":12},"end":{"line":56,"column":13}},"26":{"start":{"line":49,"column":16},"end":{"line":49,"column":49}},"27":{"start":{"line":50,"column":16},"end":{"line":53,"column":17}},"28":{"start":{"line":51,"column":20},"end":{"line":51,"column":47}},"29":{"start":{"line":52,"column":20},"end":{"line":52,"column":194}},"30":{"start":{"line":55,"column":16},"end":{"line":55,"column":126}},"31":{"start":{"line":60,"column":12},"end":{"line":60,"column":38}},"32":{"start":{"line":61,"column":12},"end":{"line":61,"column":120}},"33":{"start":{"line":68,"column":8},"end":{"line":73,"column":9}},"34":{"start":{"line":69,"column":12},"end":{"line":69,"column":79}},"35":{"start":{"line":71,"column":22},"end":{"line":71,"column":107}},"36":{"start":{"line":72,"column":8},"end":{"line":72,"column":50}},"37":{"start":{"line":77,"column":8},"end":{"line":82,"column":9}},"38":{"start":{"line":78,"column":12},"end":{"line":78,"column":86}},"39":{"start":{"line":80,"column":21},"end":{"line":80,"column":137}},"40":{"start":{"line":81,"column":8},"end":{"line":81,"column":49}},"41":{"start":{"line":88,"column":22},"end":{"line":88,"column":32}},"42":{"start":{"line":89,"column":25},"end":{"line":89,"column":27}},"43":{"start":{"line":90,"column":8},"end":{"line":97,"column":9}},"44":{"start":{"line":90,"column":20},"end":{"line":90,"column":21}},"45":{"start":{"line":91,"column":12},"end":{"line":96,"column":13}},"46":{"start":{"line":92,"column":12},"end":{"line":93,"column":61}},"47":{"start":{"line":93,"column":33},"end":{"line":93,"column":60}},"48":{"start":{"line":95,"column":16},"end":{"line":95,"column":75}},"49":{"start":{"line":98,"column":8},"end":{"line":98,"column":40}},"50":{"start":{"line":102,"column":0},"end":{"line":102,"column":29}}},"fnMap":{"0":{"name":"(anonymous_0)","decl":{"start":{"line":6,"column":4},"end":{"line":6,"column":5}},"loc":{"start":{"line":6,"column":28},"end":{"line":22,"column":5}},"line":6},"1":{"name":"(anonymous_1)","decl":{"start":{"line":26,"column":4},"end":{"line":26,"column":5}},"loc":{"start":{"line":26,"column":35},"end":{"line":63,"column":5}},"line":26},"2":{"name":"(anonymous_2)","decl":{"start":{"line":67,"column":4},"end":{"line":67,"column":5}},"loc":{"start":{"line":67,"column":16},"end":{"line":74,"column":5}},"line":67},"3":{"name":"(anonymous_3)","decl":{"start":{"line":76,"column":4},"end":{"line":76,"column":5}},"loc":{"start":{"line":76,"column":15},"end":{"line":83,"column":5}},"line":76},"4":{"name":"(anonymous_4)","decl":{"start":{"line":87,"column":4},"end":{"line":87,"column":5}},"loc":{"start":{"line":87,"column":20},"end":{"line":99,"column":5}},"line":87},"5":{"name":"(anonymous_5)","decl":{"start":{"line":93,"column":22},"end":{"line":93,"column":23}},"loc":{"start":{"line":93,"column":33},"end":{"line":93,"column":60}},"line":93}},"branchMap":{"0":{"loc":{"start":{"line":11,"column":12},"end":{"line":13,"column":13}},"type":"if","locations":[{"start":{"line":11,"column":12},"end":{"line":13,"column":13}},{"start":{},"end":{}}],"line":11},"1":{"loc":{"start":{"line":16,"column":8},"end":{"line":20,"column":9}},"type":"if","locations":[{"start":{"line":16,"column":8},"end":{"line":20,"column":9}},{"start":{"line":18,"column":13},"end":{"line":20,"column":9}}],"line":16},"2":{"loc":{"start":{"line":29,"column":8},"end":{"line":62,"column":9}},"type":"if","locations":[{"start":{"line":29,"column":8},"end":{"line":62,"column":9}},{"start":{"line":32,"column":13},"end":{"line":62,"column":9}}],"line":29},"3":{"loc":{"start":{"line":32,"column":13},"end":{"line":62,"column":9}},"type":"if","locations":[{"start":{"line":32,"column":13},"end":{"line":62,"column":9}},{"start":{"line":45,"column":13},"end":{"line":62,"column":9}}],"line":32},"4":{"loc":{"start":{"line":32,"column":16},"end":{"line":32,"column":50}},"type":"binary-expr","locations":[{"start":{"line":32,"column":16},"end":{"line":32,"column":31}},{"start":{"line":32,"column":35},"end":{"line":32,"column":50}}],"line":32},"5":{"loc":{"start":{"line":34,"column":12},"end":{"line":42,"column":13}},"type":"if","locations":[{"start":{"line":34,"column":12},"end":{"line":42,"column":13}},{"start":{"line":39,"column":16},"end":{"line":42,"column":13}}],"line":34},"6":{"loc":{"start":{"line":45,"column":13},"end":{"line":62,"column":9}},"type":"if","locations":[{"start":{"line":45,"column":13},"end":{"line":62,"column":9}},{"start":{"line":59,"column":12},"end":{"line":62,"column":9}}],"line":45},"7":{"loc":{"start":{"line":48,"column":12},"end":{"line":56,"column":13}},"type":"if","locations":[{"start":{"line":48,"column":12},"end":{"line":56,"column":13}},{"start":{"line":54,"column":17},"end":{"line":56,"column":13}}],"line":48},"8":{"loc":{"start":{"line":50,"column":16},"end":{"line":53,"column":17}},"type":"if","locations":[{"start":{"line":50,"column":16},"end":{"line":53,"column":17}},{"start":{},"end":{}}],"line":50},"9":{"loc":{"start":{"line":68,"column":8},"end":{"line":73,"column":9}},"type":"if","locations":[{"start":{"line":68,"column":8},"end":{"line":73,"column":9}},{"start":{"line":70,"column":13},"end":{"line":73,"column":9}}],"line":68},"10":{"loc":{"start":{"line":68,"column":11},"end":{"line":68,"column":70}},"type":"binary-expr","locations":[{"start":{"line":68,"column":11},"end":{"line":68,"column":39}},{"start":{"line":68,"column":42},"end":{"line":68,"column":70}}],"line":68},"11":{"loc":{"start":{"line":77,"column":8},"end":{"line":82,"column":9}},"type":"if","locations":[{"start":{"line":77,"column":8},"end":{"line":82,"column":9}},{"start":{"line":79,"column":13},"end":{"line":82,"column":9}}],"line":77},"12":{"loc":{"start":{"line":77,"column":11},"end":{"line":77,"column":111}},"type":"binary-expr","locations":[{"start":{"line":77,"column":11},"end":{"line":77,"column":39}},{"start":{"line":77,"column":43},"end":{"line":77,"column":60}},{"start":{"line":77,"column":65},"end":{"line":77,"column":85}},{"start":{"line":77,"column":90},"end":{"line":77,"column":111}}],"line":77},"13":{"loc":{"start":{"line":91,"column":12},"end":{"line":96,"column":13}},"type":"if","locations":[{"start":{"line":91,"column":12},"end":{"line":96,"column":13}},{"start":{"line":94,"column":17},"end":{"line":96,"column":13}}],"line":91}},"s":{"0":1,"1":1,"2":2,"3":2,"4":2,"5":48,"6":48,"7":13,"8":48,"9":2,"10":1,"11":1,"12":7,"13":7,"14":7,"15":1,"16":6,"17":2,"18":1,"19":1,"20":1,"21":1,"22":1,"23":4,"24":3,"25":3,"26":2,"27":2,"28":2,"29":2,"30":1,"31":1,"32":1,"33":3,"34":2,"35":1,"36":1,"37":4,"38":3,"39":1,"40":1,"41":2,"42":2,"43":2,"44":2,"45":6,"46":5,"47":5,"48":1,"49":2,"50":1},"f":{"0":2,"1":7,"2":3,"3":4,"4":2,"5":5},"b":{"0":[13,35],"1":[1,1],"2":[1,6],"3":[2,4],"4":[6,5],"5":[1,1],"6":[3,1],"7":[2,1],"8":[2,0],"9":[2,1],"10":[3,2],"11":[3,1],"12":[4,4,3,2],"13":[5,1]},"_coverageSchema":"1a1c01bbd47fc00a2c39e90264f33305004495a9","hash":"21da96e9d6dfcc7f9b5faad95a53096ca6614a94"}
}
