TN:
SF:model\models.js
FN:6,(anonymous_0)
FN:26,(anonymous_1)
FN:67,(anonymous_2)
FN:76,(anonymous_3)
FN:87,(anonymous_4)
FN:93,(anonymous_5)
FNF:6
FNH:6
FNDA:2,(anonymous_0)
FNDA:7,(anonymous_1)
FNDA:3,(anonymous_2)
FNDA:4,(anonymous_3)
FNDA:2,(anonymous_4)
FNDA:5,(anonymous_5)
DA:1,1
DA:2,1
DA:7,2
DA:8,2
DA:9,2
DA:10,48
DA:11,48
DA:12,13
DA:14,48
DA:16,2
DA:17,1
DA:19,1
DA:27,7
DA:28,7
DA:29,7
DA:30,1
DA:32,6
DA:34,2
DA:35,1
DA:36,1
DA:37,1
DA:40,1
DA:41,1
DA:45,4
DA:46,3
DA:48,3
DA:49,2
DA:50,2
DA:51,2
DA:52,2
DA:55,1
DA:60,1
DA:61,1
DA:68,3
DA:69,2
DA:71,1
DA:72,1
DA:77,4
DA:78,3
DA:80,1
DA:81,1
DA:88,2
DA:89,2
DA:90,2
DA:91,6
DA:92,5
DA:93,5
DA:95,1
DA:98,2
DA:102,1
LF:50
LH:50
BRDA:11,0,0,13
BRDA:11,0,1,35
BRDA:16,1,0,1
BRDA:16,1,1,1
BRDA:29,2,0,1
BRDA:29,2,1,6
BRDA:32,3,0,2
BRDA:32,3,1,4
BRDA:32,4,0,6
BRDA:32,4,1,5
BRDA:34,5,0,1
BRDA:34,5,1,1
BRDA:45,6,0,3
BRDA:45,6,1,1
BRDA:48,7,0,2
BRDA:48,7,1,1
BRDA:50,8,0,2
BRDA:50,8,1,0
BRDA:68,9,0,2
BRDA:68,9,1,1
BRDA:68,10,0,3
BRDA:68,10,1,2
BRDA:77,11,0,3
BRDA:77,11,1,1
BRDA:77,12,0,4
BRDA:77,12,1,4
BRDA:77,12,2,3
BRDA:77,12,3,2
BRDA:91,13,0,5
BRDA:91,13,1,1
BRF:30
BRH:29
end_of_record
